0 info it worked if it ends with ok
1 verbose cli [ 'C:\\Program Files\\nodejs\\node.exe',
1 verbose cli   'C:\\Program Files\\nodejs\\node_modules\\npm\\bin\\npm-cli.js',
1 verbose cli   'start' ]
2 info using npm@3.3.6
3 info using node@v5.0.0
4 verbose run-script [ 'prestart', 'start', 'poststart' ]
5 info lifecycle testapp@0.0.0~prestart: testapp@0.0.0
6 silly lifecycle testapp@0.0.0~prestart: no script for prestart, continuing
7 info lifecycle testapp@0.0.0~start: testapp@0.0.0
8 verbose lifecycle testapp@0.0.0~start: unsafe-perm in lifecycle true
9 verbose lifecycle testapp@0.0.0~start: PATH: C:\Program Files\nodejs\node_modules\npm\bin\node-gyp-bin;D:\Node JS\todoapp\node_modules\.bin;C:\Users\Balthazar\bin;C:\Program Files\Git\mingw64\bin;C:\Program Files\Git\usr\local\bin;C:\Program Files\Git\usr\bin;C:\Program Files\Git\usr\bin;C:\Program Files\Git\mingw64\bin;C:\Program Files\Git\usr\bin;C:\Users\Balthazar\bin;C:\ProgramData\Oracle\Java\javapath;C:\Program Files\Broadcom\Broadcom 802.11 Network Adapter\Driver;C:\WINDOWS\system32;C:\WINDOWS;C:\WINDOWS\System32\Wbem;C:\WINDOWS\System32\WindowsPowerShell\v1.0;C:\Program Files (x86)\Intel\OpenCL SDK\2.0\bin\x86;C:\Program Files (x86)\Intel\OpenCL SDK\2.0\bin\x64;D:\Amps\php;C:\ProgramData\ComposerSetup\bin;D:\sqlite;C:\Program Files (x86)\Sublime Text 3;C:\Program Files\MongoDB\Server\3.0\bin;C:\Program Files\nodejs;C:\Users\Balthazar\AppData\Roaming\Composer\vendor\bin;C:\HashiCorp\Vagrant\bin;C:\Program Files\Git\cmd;C:\Ruby22-x64\bin;C:\Users\Balthazar\AppData\Local\.meteor;C:\Users\Balthazar\AppData\Roaming\npm;C:\Users\Balthazar\AppData\Local\atom\bin;C:\Program Files (x86)\Microsoft VS Code\bin;C:\Users\Balthazar\AppData\Local\Microsoft\WindowsApps;C:\Program Files\MongoDB\Server\3.2\bin;C:\Program Files\Git\usr\bin\vendor_perl;C:\Program Files\Git\usr\bin\core_perl
10 verbose lifecycle testapp@0.0.0~start: CWD: D:\Node JS\todoapp
11 silly lifecycle testapp@0.0.0~start: Args: [ '/d /s /c', 'node ./bin/www' ]
12 silly lifecycle testapp@0.0.0~start: Returned: code: 1  signal: null
13 info lifecycle testapp@0.0.0~start: Failed to exec start script
14 verbose stack Error: testapp@0.0.0 start: `node ./bin/www`
14 verbose stack Exit status 1
14 verbose stack     at EventEmitter.<anonymous> (C:\Program Files\nodejs\node_modules\npm\lib\utils\lifecycle.js:233:16)
14 verbose stack     at emitTwo (events.js:87:13)
14 verbose stack     at EventEmitter.emit (events.js:172:7)
14 verbose stack     at ChildProcess.<anonymous> (C:\Program Files\nodejs\node_modules\npm\lib\utils\spawn.js:24:14)
14 verbose stack     at emitTwo (events.js:87:13)
14 verbose stack     at ChildProcess.emit (events.js:172:7)
14 verbose stack     at maybeClose (internal/child_process.js:818:16)
14 verbose stack     at Process.ChildProcess._handle.onexit (internal/child_process.js:211:5)
15 verbose pkgid testapp@0.0.0
16 verbose cwd D:\Node JS\todoapp
17 error Windows_NT 10.0.14393
18 error argv "C:\\Program Files\\nodejs\\node.exe" "C:\\Program Files\\nodejs\\node_modules\\npm\\bin\\npm-cli.js" "start"
19 error node v5.0.0
20 error npm  v3.3.6
21 error code ELIFECYCLE
22 error testapp@0.0.0 start: `node ./bin/www`
22 error Exit status 1
23 error Failed at the testapp@0.0.0 start script 'node ./bin/www'.
23 error This is most likely a problem with the testapp package,
23 error not with npm itself.
23 error Tell the author that this fails on your system:
23 error     node ./bin/www
23 error You can get their info via:
23 error     npm owner ls testapp
23 error There is likely additional logging output above.
24 verbose exit [ 1, true ]
